<?xml version="1.0" encoding="UTF-8"?>
<coverage generated="1731854645145" clover="3.2.0">
  <project timestamp="1731854645145" name="All files">
    <metrics statements="13" coveredstatements="13" conditionals="2" coveredconditionals="2" methods="2" coveredmethods="2" elements="17" coveredelements="17" complexity="0" loc="13" ncloc="13" packages="1" files="1" classes="1"/>
    <file name="createTask.ts" path="/Users/julia_medvedeva/Documents/project-or-companies/nevermind-todos/src/utils/createTask.ts">
      <metrics statements="13" coveredstatements="13" conditionals="2" coveredconditionals="2" methods="2" coveredmethods="2"/>
      <line num="4" count="3" type="stmt"/>
      <line num="5" count="3" type="cond" truecount="1" falsecount="0"/>
      <line num="6" count="2" type="stmt"/>
      <line num="7" count="2" type="stmt"/>
      <line num="8" count="2" type="cond" truecount="1" falsecount="0"/>
      <line num="9" count="1" type="stmt"/>
      <line num="10" count="1" type="stmt"/>
      <line num="13" count="1" type="stmt"/>
      <line num="18" count="1" type="stmt"/>
      <line num="19" count="1" type="stmt"/>
      <line num="20" count="1" type="stmt"/>
      <line num="21" count="1" type="stmt"/>
      <line num="23" count="1" type="stmt"/>
    </file>
  </project>
</coverage>
