{"/Users/julia_medvedeva/Documents/project-or-companies/nevermind-todos/src/utils/createTask.ts": {"path":"/Users/julia_medvedeva/Documents/project-or-companies/nevermind-todos/src/utils/createTask.ts","statementMap":{"0":{"start":{"line":3,"column":26},"end":{"line":27,"column":2}},"1":{"start":{"line":3,"column":96},"end":{"line":27,"column":2}},"2":{"start":{"line":4,"column":2},"end":{"line":26,"column":3}},"3":{"start":{"line":5,"column":4},"end":{"line":25,"column":5}},"4":{"start":{"line":6,"column":27},"end":{"line":6,"column":40}},"5":{"start":{"line":8,"column":6},"end":{"line":8,"column":41}},"6":{"start":{"line":9,"column":6},"end":{"line":12,"column":7}},"7":{"start":{"line":10,"column":8},"end":{"line":10,"column":25}},"8":{"start":{"line":11,"column":8},"end":{"line":11,"column":48}},"9":{"start":{"line":14,"column":33},"end":{"line":18,"column":8}},"10":{"start":{"line":19,"column":21},"end":{"line":19,"column":44}},"11":{"start":{"line":20,"column":6},"end":{"line":20,"column":23}},"12":{"start":{"line":21,"column":6},"end":{"line":21,"column":24}},"13":{"start":{"line":22,"column":6},"end":{"line":22,"column":60}},"14":{"start":{"line":24,"column":6},"end":{"line":24,"column":51}},"15":{"start":{"line":3,"column":13},"end":{"line":3,"column":26}}},"fnMap":{"0":{"name":"(anonymous_7)","decl":{"start":{"line":3,"column":26},"end":{"line":3,"column":33}},"loc":{"start":{"line":3,"column":96},"end":{"line":27,"column":2}}},"1":{"name":"(anonymous_8)","decl":{"start":{"line":3,"column":96},"end":{"line":3,"column":null}},"loc":{"start":{"line":3,"column":96},"end":{"line":27,"column":1}}}},"branchMap":{"0":{"loc":{"start":{"line":4,"column":2},"end":{"line":26,"column":3}},"type":"if","locations":[{"start":{"line":4,"column":2},"end":{"line":26,"column":3}}]},"1":{"loc":{"start":{"line":9,"column":6},"end":{"line":12,"column":7}},"type":"if","locations":[{"start":{"line":9,"column":6},"end":{"line":12,"column":7}}]}},"s":{"0":1,"1":3,"2":3,"3":2,"4":2,"5":2,"6":2,"7":1,"8":1,"9":1,"10":1,"11":1,"12":1,"13":1,"14":1,"15":1},"f":{"0":3,"1":3},"b":{"0":[2],"1":[1]}}
}
